0 info it worked if it ends with ok
1 verbose cli [ 'C:\\Program Files\\nodejs\\node.exe',
1 verbose cli   'C:\\Program Files\\nodejs\\node_modules\\npm\\bin\\npm-cli.js',
1 verbose cli   'start' ]
2 info using npm@4.0.5
3 info using node@v7.4.0
4 verbose run-script [ 'prestart', 'start', 'poststart' ]
5 info lifecycle LifeHelper@1.0.0~prestart: LifeHelper@1.0.0
6 verbose lifecycle LifeHelper@1.0.0~prestart: unsafe-perm in lifecycle true
7 verbose lifecycle LifeHelper@1.0.0~prestart: PATH: C:\Program Files\nodejs\node_modules\npm\bin\node-gyp-bin;e:\Egyetem\Allamvizsga\LifeHelper\website\lifehelper\node_modules\.bin;C:\Program Files\Docker\Docker\Resources\bin;C:\Windows\system32;C:\Windows;C:\Windows\System32\Wbem;C:\Windows\System32\WindowsPowerShell\v1.0\;C:\Program Files (x86)\NVIDIA Corporation\PhysX\Common;C:\Program Files\Intel\WiFi\bin\;C:\Program Files\Common Files\Intel\WirelessCommon\;C:\Program Files\Lenovo\Bluetooth Software\;C:\Program Files\Lenovo\Bluetooth Software\syswow64;C:\Program Files (x86)\Skype\Phone\;e:\Program Files\apache-maven-3.3.9\bin\;e:\Program Files\apache-karaf-4.0.7\bin\;e:\Program Files\apache-ant-1.9.7\bin\;c:\Program Files\Java\jdk1.8.0_111\bin\;C:\Program Files (x86)\Windows Kits\10\Windows Performance Toolkit\;C:\Program Files\dotnet\;C:\Program Files\Microsoft SQL Server\130\Tools\Binn\;C:\Program Files\nodejs\;C:\Program Files\Git\cmd;C:\Program Files\Intel\WiFi\bin\;C:\Program Files\Common Files\Intel\WirelessCommon\;C:\Users\heinr\AppData\Roaming\npm;C:\Program Files\Heroku\bin
8 verbose lifecycle LifeHelper@1.0.0~prestart: CWD: e:\Egyetem\Allamvizsga\LifeHelper\website\lifehelper
9 silly lifecycle LifeHelper@1.0.0~prestart: Args: [ '/d /s /c', 'babel-node tools/startMessage.js' ]
10 silly lifecycle LifeHelper@1.0.0~prestart: Returned: code: 0  signal: null
11 info lifecycle LifeHelper@1.0.0~start: LifeHelper@1.0.0
12 verbose lifecycle LifeHelper@1.0.0~start: unsafe-perm in lifecycle true
13 verbose lifecycle LifeHelper@1.0.0~start: PATH: C:\Program Files\nodejs\node_modules\npm\bin\node-gyp-bin;e:\Egyetem\Allamvizsga\LifeHelper\website\lifehelper\node_modules\.bin;C:\Program Files\Docker\Docker\Resources\bin;C:\Windows\system32;C:\Windows;C:\Windows\System32\Wbem;C:\Windows\System32\WindowsPowerShell\v1.0\;C:\Program Files (x86)\NVIDIA Corporation\PhysX\Common;C:\Program Files\Intel\WiFi\bin\;C:\Program Files\Common Files\Intel\WirelessCommon\;C:\Program Files\Lenovo\Bluetooth Software\;C:\Program Files\Lenovo\Bluetooth Software\syswow64;C:\Program Files (x86)\Skype\Phone\;e:\Program Files\apache-maven-3.3.9\bin\;e:\Program Files\apache-karaf-4.0.7\bin\;e:\Program Files\apache-ant-1.9.7\bin\;c:\Program Files\Java\jdk1.8.0_111\bin\;C:\Program Files (x86)\Windows Kits\10\Windows Performance Toolkit\;C:\Program Files\dotnet\;C:\Program Files\Microsoft SQL Server\130\Tools\Binn\;C:\Program Files\nodejs\;C:\Program Files\Git\cmd;C:\Program Files\Intel\WiFi\bin\;C:\Program Files\Common Files\Intel\WirelessCommon\;C:\Users\heinr\AppData\Roaming\npm;C:\Program Files\Heroku\bin
14 verbose lifecycle LifeHelper@1.0.0~start: CWD: e:\Egyetem\Allamvizsga\LifeHelper\website\lifehelper
15 silly lifecycle LifeHelper@1.0.0~start: Args: [ '/d /s /c',
15 silly lifecycle   'npm-run-all --parallel test:watch open:src lint:watch' ]
16 silly lifecycle LifeHelper@1.0.0~start: Returned: code: 1  signal: null
17 info lifecycle LifeHelper@1.0.0~start: Failed to exec start script
18 verbose stack Error: LifeHelper@1.0.0 start: `npm-run-all --parallel test:watch open:src lint:watch`
18 verbose stack Exit status 1
18 verbose stack     at EventEmitter.<anonymous> (C:\Program Files\nodejs\node_modules\npm\lib\utils\lifecycle.js:279:16)
18 verbose stack     at emitTwo (events.js:106:13)
18 verbose stack     at EventEmitter.emit (events.js:191:7)
18 verbose stack     at ChildProcess.<anonymous> (C:\Program Files\nodejs\node_modules\npm\lib\utils\spawn.js:40:14)
18 verbose stack     at emitTwo (events.js:106:13)
18 verbose stack     at ChildProcess.emit (events.js:191:7)
18 verbose stack     at maybeClose (internal/child_process.js:885:16)
18 verbose stack     at Process.ChildProcess._handle.onexit (internal/child_process.js:226:5)
19 verbose pkgid LifeHelper@1.0.0
20 verbose cwd e:\Egyetem\Allamvizsga\LifeHelper\website\lifehelper
21 error Windows_NT 10.0.10586
22 error argv "C:\\Program Files\\nodejs\\node.exe" "C:\\Program Files\\nodejs\\node_modules\\npm\\bin\\npm-cli.js" "start"
23 error node v7.4.0
24 error npm  v4.0.5
25 error code ELIFECYCLE
26 error LifeHelper@1.0.0 start: `npm-run-all --parallel test:watch open:src lint:watch`
26 error Exit status 1
27 error Failed at the LifeHelper@1.0.0 start script 'npm-run-all --parallel test:watch open:src lint:watch'.
27 error Make sure you have the latest version of node.js and npm installed.
27 error If you do, this is most likely a problem with the LifeHelper package,
27 error not with npm itself.
27 error Tell the author that this fails on your system:
27 error     npm-run-all --parallel test:watch open:src lint:watch
27 error You can get information on how to open an issue for this project with:
27 error     npm bugs LifeHelper
27 error Or if that isn't available, you can get their info via:
27 error     npm owner ls LifeHelper
27 error There is likely additional logging output above.
28 verbose exit [ 1, true ]
